{"C:\\Users\\Usuario\\Documents\\workspace\\Ejercicio Técnico Frontend - Angular 2024\\repo-interview-web\\src\\app\\app.html": {"path":"C:\\Users\\Usuario\\Documents\\workspace\\Ejercicio Técnico Frontend - Angular 2024\\repo-interview-web\\src\\app\\app.html","statementMap":{"0":{"start":{"line":1,"column":0},"end":{"line":1,"column":71}}},"fnMap":{},"branchMap":{},"s":{"0":1},"f":{},"b":{},"_coverageSchema":"1a1c01bbd47fc00a2c39e90264f33305004495a9","hash":"1e94b9e93001a9c9a9e4755f41155af05d1bc6f8"}
,"C:\\Users\\Usuario\\Documents\\workspace\\Ejercicio Técnico Frontend - Angular 2024\\repo-interview-web\\src\\app\\app.ts": {"path":"C:\\Users\\Usuario\\Documents\\workspace\\Ejercicio Técnico Frontend - Angular 2024\\repo-interview-web\\src\\app\\app.ts","statementMap":{"0":{"start":{"line":1,"column":0},"end":{"line":1,"column":50}},"1":{"start":{"line":2,"column":0},"end":{"line":2,"column":47}},"2":{"start":{"line":10,"column":7},"end":{"line":12,"column":null}},"3":{"start":{"line":11,"column":29},"end":{"line":11,"column":57}},"4":{"start":{"line":10,"column":13},"end":{"line":10,"column":16}},"5":{"start":{"line":10,"column":13},"end":{"line":12,"column":null}}},"fnMap":{},"branchMap":{},"s":{"0":1,"1":1,"2":1,"3":2,"4":1,"5":1},"f":{},"b":{}}
,"C:\\Users\\Usuario\\Documents\\workspace\\Ejercicio Técnico Frontend - Angular 2024\\repo-interview-web\\src\\app\\core\\services\\product.service.ts": {"path":"C:\\Users\\Usuario\\Documents\\workspace\\Ejercicio Técnico Frontend - Angular 2024\\repo-interview-web\\src\\app\\core\\services\\product.service.ts","statementMap":{"0":{"start":{"line":1,"column":0},"end":{"line":1,"column":51}},"1":{"start":{"line":2,"column":0},"end":{"line":2,"column":50}},"2":{"start":{"line":4,"column":0},"end":{"line":4,"column":49}},"3":{"start":{"line":5,"column":0},"end":{"line":5,"column":26}},"4":{"start":{"line":6,"column":0},"end":{"line":6,"column":64}},"5":{"start":{"line":9,"column":7},"end":{"line":39,"column":null}},"6":{"start":{"line":10,"column":17},"end":{"line":10,"column":35}},"7":{"start":{"line":11,"column":19},"end":{"line":11,"column":40}},"8":{"start":{"line":14,"column":4},"end":{"line":17,"column":6}},"9":{"start":{"line":15,"column":17},"end":{"line":15,"column":25}},"10":{"start":{"line":16,"column":23},"end":{"line":16,"column":29}},"11":{"start":{"line":21,"column":4},"end":{"line":21,"column":71}},"12":{"start":{"line":25,"column":4},"end":{"line":25,"column":58}},"13":{"start":{"line":29,"column":4},"end":{"line":29,"column":57}},"14":{"start":{"line":33,"column":4},"end":{"line":33,"column":67}},"15":{"start":{"line":37,"column":4},"end":{"line":37,"column":52}},"16":{"start":{"line":9,"column":13},"end":{"line":9,"column":27}},"17":{"start":{"line":9,"column":13},"end":{"line":39,"column":null}}},"fnMap":{"0":{"name":"(anonymous_0)","decl":{"start":{"line":13,"column":2},"end":{"line":13,"column":8}},"loc":{"start":{"line":13,"column":8},"end":{"line":18,"column":3}}},"1":{"name":"(anonymous_1)","decl":{"start":{"line":15,"column":10},"end":{"line":15,"column":13}},"loc":{"start":{"line":15,"column":17},"end":{"line":15,"column":25}}},"2":{"name":"(anonymous_2)","decl":{"start":{"line":16,"column":17},"end":{"line":16,"column":20}},"loc":{"start":{"line":16,"column":23},"end":{"line":16,"column":29}}},"3":{"name":"(anonymous_3)","decl":{"start":{"line":20,"column":2},"end":{"line":20,"column":10}},"loc":{"start":{"line":20,"column":21},"end":{"line":22,"column":3}}},"4":{"name":"(anonymous_4)","decl":{"start":{"line":24,"column":2},"end":{"line":24,"column":9}},"loc":{"start":{"line":24,"column":20},"end":{"line":26,"column":3}}},"5":{"name":"(anonymous_5)","decl":{"start":{"line":28,"column":2},"end":{"line":28,"column":8}},"loc":{"start":{"line":28,"column":25},"end":{"line":30,"column":3}}},"6":{"name":"(anonymous_6)","decl":{"start":{"line":32,"column":2},"end":{"line":32,"column":8}},"loc":{"start":{"line":32,"column":46},"end":{"line":34,"column":3}}},"7":{"name":"(anonymous_7)","decl":{"start":{"line":36,"column":2},"end":{"line":36,"column":8}},"loc":{"start":{"line":36,"column":19},"end":{"line":38,"column":3}}}},"branchMap":{},"s":{"0":2,"1":2,"2":2,"3":2,"4":2,"5":2,"6":0,"7":0,"8":0,"9":0,"10":0,"11":0,"12":0,"13":0,"14":0,"15":0,"16":2,"17":2},"f":{"0":0,"1":0,"2":0,"3":0,"4":0,"5":0,"6":0,"7":0},"b":{}}
,"C:\\Users\\Usuario\\Documents\\workspace\\Ejercicio Técnico Frontend - Angular 2024\\repo-interview-web\\src\\app\\features\\products\\components\\product-form\\product-form.component.html": {"path":"C:\\Users\\Usuario\\Documents\\workspace\\Ejercicio Técnico Frontend - Angular 2024\\repo-interview-web\\src\\app\\features\\products\\components\\product-form\\product-form.component.html","statementMap":{"0":{"start":{"line":1,"column":0},"end":{"line":1,"column":3484}}},"fnMap":{},"branchMap":{},"s":{"0":1},"f":{},"b":{},"_coverageSchema":"1a1c01bbd47fc00a2c39e90264f33305004495a9","hash":"05b566c605e99117586ef76229beb88c33850851"}
,"C:\\Users\\Usuario\\Documents\\workspace\\Ejercicio Técnico Frontend - Angular 2024\\repo-interview-web\\src\\app\\features\\products\\components\\product-form\\product-form.component.ts": {"path":"C:\\Users\\Usuario\\Documents\\workspace\\Ejercicio Técnico Frontend - Angular 2024\\repo-interview-web\\src\\app\\features\\products\\components\\product-form\\product-form.component.ts","statementMap":{"0":{"start":{"line":1,"column":0},"end":{"line":1,"column":68}},"1":{"start":{"line":2,"column":0},"end":{"line":2,"column":75}},"2":{"start":{"line":4,"column":0},"end":{"line":4,"column":45}},"3":{"start":{"line":5,"column":0},"end":{"line":5,"column":47}},"4":{"start":{"line":6,"column":0},"end":{"line":6,"column":57}},"5":{"start":{"line":7,"column":0},"end":{"line":7,"column":57}},"6":{"start":{"line":8,"column":0},"end":{"line":8,"column":31}},"7":{"start":{"line":21,"column":27},"end":{"line":21,"column":49}},"8":{"start":{"line":22,"column":18},"end":{"line":22,"column":40}},"9":{"start":{"line":23,"column":19},"end":{"line":23,"column":33}},"10":{"start":{"line":25,"column":15},"end":{"line":25,"column":28}},"11":{"start":{"line":26,"column":14},"end":{"line":26,"column":32}},"12":{"start":{"line":27,"column":14},"end":{"line":27,"column":67}},"13":{"start":{"line":27,"column":29},"end":{"line":27,"column":66}},"14":{"start":{"line":29,"column":9},"end":{"line":36,"column":4}},"15":{"start":{"line":38,"column":11},"end":{"line":38,"column":45}},"16":{"start":{"line":39,"column":23},"end":{"line":39,"column":50}},"17":{"start":{"line":41,"column":27},"end":{"line":41,"column":48}},"18":{"start":{"line":44,"column":4},"end":{"line":50,"column":7}},"19":{"start":{"line":45,"column":6},"end":{"line":49,"column":7}},"20":{"start":{"line":46,"column":8},"end":{"line":46,"column":34}},"21":{"start":{"line":47,"column":8},"end":{"line":47,"column":41}},"22":{"start":{"line":48,"column":8},"end":{"line":48,"column":39}},"23":{"start":{"line":52,"column":4},"end":{"line":62,"column":7}},"24":{"start":{"line":54,"column":22},"end":{"line":54,"column":54}},"25":{"start":{"line":56,"column":6},"end":{"line":60,"column":7}},"26":{"start":{"line":57,"column":8},"end":{"line":57,"column":55}},"27":{"start":{"line":59,"column":8},"end":{"line":59,"column":42}},"28":{"start":{"line":61,"column":6},"end":{"line":61,"column":26}},"29":{"start":{"line":66,"column":4},"end":{"line":69,"column":7}},"30":{"start":{"line":67,"column":25},"end":{"line":67,"column":47}},"31":{"start":{"line":68,"column":19},"end":{"line":68,"column":46}},"32":{"start":{"line":73,"column":31},"end":{"line":73,"column":59}},"33":{"start":{"line":74,"column":4},"end":{"line":74,"column":42}},"34":{"start":{"line":78,"column":4},"end":{"line":78,"column":56}},"35":{"start":{"line":78,"column":27},"end":{"line":78,"column":53}},"36":{"start":{"line":79,"column":4},"end":{"line":79,"column":24}},"37":{"start":{"line":81,"column":4},"end":{"line":83,"column":5}},"38":{"start":{"line":82,"column":6},"end":{"line":82,"column":38}},"39":{"start":{"line":87,"column":14},"end":{"line":87,"column":25}},"40":{"start":{"line":88,"column":41},"end":{"line":88,"column":43}},"41":{"start":{"line":89,"column":18},"end":{"line":89,"column":28}},"42":{"start":{"line":90,"column":4},"end":{"line":90,"column":31}},"43":{"start":{"line":91,"column":24},"end":{"line":91,"column":48}},"44":{"start":{"line":92,"column":4},"end":{"line":92,"column":37}},"45":{"start":{"line":94,"column":4},"end":{"line":98,"column":5}},"46":{"start":{"line":95,"column":6},"end":{"line":95,"column":67}},"47":{"start":{"line":96,"column":11},"end":{"line":98,"column":5}},"48":{"start":{"line":97,"column":6},"end":{"line":97,"column":46}},"49":{"start":{"line":99,"column":4},"end":{"line":101,"column":5}},"50":{"start":{"line":100,"column":6},"end":{"line":100,"column":70}},"51":{"start":{"line":102,"column":4},"end":{"line":104,"column":5}},"52":{"start":{"line":103,"column":6},"end":{"line":103,"column":78}},"53":{"start":{"line":105,"column":4},"end":{"line":105,"column":58}},"54":{"start":{"line":105,"column":17},"end":{"line":105,"column":58}},"55":{"start":{"line":106,"column":4},"end":{"line":106,"column":60}},"56":{"start":{"line":106,"column":25},"end":{"line":106,"column":60}},"57":{"start":{"line":107,"column":4},"end":{"line":109,"column":5}},"58":{"start":{"line":108,"column":6},"end":{"line":108,"column":69}},"59":{"start":{"line":110,"column":4},"end":{"line":110,"column":62}},"60":{"start":{"line":110,"column":26},"end":{"line":110,"column":62}},"61":{"start":{"line":112,"column":4},"end":{"line":112,"column":26}},"62":{"start":{"line":113,"column":4},"end":{"line":113,"column":42}},"63":{"start":{"line":117,"column":20},"end":{"line":117,"column":43}},"64":{"start":{"line":118,"column":21},"end":{"line":118,"column":38}},"65":{"start":{"line":119,"column":4},"end":{"line":119,"column":53}},"66":{"start":{"line":121,"column":4},"end":{"line":125,"column":8}},"67":{"start":{"line":121,"column":27},"end":{"line":125,"column":6}},"68":{"start":{"line":127,"column":4},"end":{"line":127,"column":24}},"69":{"start":{"line":131,"column":4},"end":{"line":131,"column":54}},"70":{"start":{"line":131,"column":27},"end":{"line":131,"column":51}},"71":{"start":{"line":133,"column":4},"end":{"line":133,"column":24}},"72":{"start":{"line":137,"column":4},"end":{"line":137,"column":37}},"73":{"start":{"line":137,"column":30},"end":{"line":137,"column":37}},"74":{"start":{"line":139,"column":19},"end":{"line":141,"column":47}},"75":{"start":{"line":143,"column":4},"end":{"line":152,"column":7}},"76":{"start":{"line":145,"column":8},"end":{"line":145,"column":null}},"77":{"start":{"line":148,"column":8},"end":{"line":150,"column":9}},"78":{"start":{"line":149,"column":10},"end":{"line":149,"column":53}},"79":{"start":{"line":156,"column":4},"end":{"line":159,"column":7}},"80":{"start":{"line":160,"column":4},"end":{"line":160,"column":24}},"81":{"start":{"line":164,"column":4},"end":{"line":164,"column":32}},"82":{"start":{"line":20,"column":13},"end":{"line":20,"column":33}},"83":{"start":{"line":20,"column":13},"end":{"line":166,"column":null}}},"fnMap":{"0":{"name":"(anonymous_0)","decl":{"start":{"line":27,"column":23},"end":{"line":27,"column":26}},"loc":{"start":{"line":27,"column":29},"end":{"line":27,"column":66}}},"1":{"name":"(anonymous_1)","decl":{"start":{"line":43,"column":2},"end":{"line":43,"column":null}},"loc":{"start":{"line":43,"column":2},"end":{"line":63,"column":3}}},"2":{"name":"(anonymous_2)","decl":{"start":{"line":44,"column":32},"end":{"line":44,"column":38}},"loc":{"start":{"line":44,"column":41},"end":{"line":50,"column":5}}},"3":{"name":"(anonymous_3)","decl":{"start":{"line":54,"column":16},"end":{"line":54,"column":18}},"loc":{"start":{"line":54,"column":22},"end":{"line":54,"column":54}}},"4":{"name":"(anonymous_4)","decl":{"start":{"line":55,"column":16},"end":{"line":55,"column":22}},"loc":{"start":{"line":55,"column":25},"end":{"line":62,"column":5}}},"5":{"name":"(anonymous_5)","decl":{"start":{"line":65,"column":10},"end":{"line":65,"column":21}},"loc":{"start":{"line":65,"column":32},"end":{"line":70,"column":3}}},"6":{"name":"(anonymous_6)","decl":{"start":{"line":67,"column":12},"end":{"line":67,"column":13}},"loc":{"start":{"line":67,"column":25},"end":{"line":67,"column":47}}},"7":{"name":"(anonymous_7)","decl":{"start":{"line":68,"column":13},"end":{"line":68,"column":16}},"loc":{"start":{"line":68,"column":19},"end":{"line":68,"column":46}}},"8":{"name":"(anonymous_8)","decl":{"start":{"line":72,"column":10},"end":{"line":72,"column":21}},"loc":{"start":{"line":72,"column":35},"end":{"line":75,"column":3}}},"9":{"name":"(anonymous_9)","decl":{"start":{"line":77,"column":2},"end":{"line":77,"column":12}},"loc":{"start":{"line":77,"column":26},"end":{"line":84,"column":3}}},"10":{"name":"(anonymous_10)","decl":{"start":{"line":78,"column":21},"end":{"line":78,"column":22}},"loc":{"start":{"line":78,"column":27},"end":{"line":78,"column":53}}},"11":{"name":"(anonymous_11)","decl":{"start":{"line":86,"column":2},"end":{"line":86,"column":14}},"loc":{"start":{"line":86,"column":14},"end":{"line":114,"column":3}}},"12":{"name":"(anonymous_12)","decl":{"start":{"line":116,"column":2},"end":{"line":116,"column":21}},"loc":{"start":{"line":116,"column":35},"end":{"line":128,"column":3}}},"13":{"name":"(anonymous_13)","decl":{"start":{"line":121,"column":21},"end":{"line":121,"column":22}},"loc":{"start":{"line":121,"column":27},"end":{"line":125,"column":6}}},"14":{"name":"(anonymous_14)","decl":{"start":{"line":130,"column":2},"end":{"line":130,"column":15}},"loc":{"start":{"line":130,"column":48},"end":{"line":134,"column":3}}},"15":{"name":"(anonymous_15)","decl":{"start":{"line":131,"column":21},"end":{"line":131,"column":22}},"loc":{"start":{"line":131,"column":27},"end":{"line":131,"column":51}}},"16":{"name":"(anonymous_16)","decl":{"start":{"line":136,"column":2},"end":{"line":136,"column":10}},"loc":{"start":{"line":136,"column":10},"end":{"line":153,"column":3}}},"17":{"name":"(anonymous_17)","decl":{"start":{"line":144,"column":12},"end":{"line":144,"column":15}},"loc":{"start":{"line":144,"column":17},"end":{"line":146,"column":7}}},"18":{"name":"(anonymous_18)","decl":{"start":{"line":147,"column":13},"end":{"line":147,"column":14}},"loc":{"start":{"line":147,"column":21},"end":{"line":151,"column":7}}},"19":{"name":"(anonymous_19)","decl":{"start":{"line":155,"column":2},"end":{"line":155,"column":9}},"loc":{"start":{"line":155,"column":9},"end":{"line":161,"column":3}}},"20":{"name":"(anonymous_20)","decl":{"start":{"line":163,"column":2},"end":{"line":163,"column":14}},"loc":{"start":{"line":163,"column":14},"end":{"line":165,"column":3}}}},"branchMap":{"0":{"loc":{"start":{"line":45,"column":6},"end":{"line":49,"column":7}},"type":"if","locations":[{"start":{"line":45,"column":6},"end":{"line":49,"column":7}}]},"1":{"loc":{"start":{"line":56,"column":6},"end":{"line":60,"column":7}},"type":"if","locations":[{"start":{"line":56,"column":6},"end":{"line":60,"column":7}},{"start":{"line":58,"column":13},"end":{"line":60,"column":7}}]},"2":{"loc":{"start":{"line":56,"column":10},"end":{"line":56,"column":38}},"type":"binary-expr","locations":[{"start":{"line":56,"column":10},"end":{"line":56,"column":16}},{"start":{"line":56,"column":20},"end":{"line":56,"column":38}}]},"3":{"loc":{"start":{"line":81,"column":4},"end":{"line":83,"column":5}},"type":"if","locations":[{"start":{"line":81,"column":4},"end":{"line":83,"column":5}}]},"4":{"loc":{"start":{"line":81,"column":8},"end":{"line":81,"column":47}},"type":"binary-expr","locations":[{"start":{"line":81,"column":8},"end":{"line":81,"column":25}},{"start":{"line":81,"column":29},"end":{"line":81,"column":47}}]},"5":{"loc":{"start":{"line":94,"column":4},"end":{"line":98,"column":5}},"type":"if","locations":[{"start":{"line":94,"column":4},"end":{"line":98,"column":5}},{"start":{"line":96,"column":11},"end":{"line":98,"column":5}}]},"6":{"loc":{"start":{"line":94,"column":8},"end":{"line":94,"column":52}},"type":"binary-expr","locations":[{"start":{"line":94,"column":8},"end":{"line":94,"column":13}},{"start":{"line":94,"column":17},"end":{"line":94,"column":32}},{"start":{"line":94,"column":36},"end":{"line":94,"column":52}}]},"7":{"loc":{"start":{"line":96,"column":11},"end":{"line":98,"column":5}},"type":"if","locations":[{"start":{"line":96,"column":11},"end":{"line":98,"column":5}}]},"8":{"loc":{"start":{"line":99,"column":4},"end":{"line":101,"column":5}},"type":"if","locations":[{"start":{"line":99,"column":4},"end":{"line":101,"column":5}}]},"9":{"loc":{"start":{"line":99,"column":8},"end":{"line":99,"column":59}},"type":"binary-expr","locations":[{"start":{"line":99,"column":8},"end":{"line":99,"column":15}},{"start":{"line":99,"column":19},"end":{"line":99,"column":36}},{"start":{"line":99,"column":40},"end":{"line":99,"column":59}}]},"10":{"loc":{"start":{"line":102,"column":4},"end":{"line":104,"column":5}},"type":"if","locations":[{"start":{"line":102,"column":4},"end":{"line":104,"column":5}}]},"11":{"loc":{"start":{"line":102,"column":8},"end":{"line":102,"column":81}},"type":"binary-expr","locations":[{"start":{"line":102,"column":8},"end":{"line":102,"column":22}},{"start":{"line":102,"column":26},"end":{"line":102,"column":51}},{"start":{"line":102,"column":55},"end":{"line":102,"column":81}}]},"12":{"loc":{"start":{"line":105,"column":4},"end":{"line":105,"column":58}},"type":"if","locations":[{"start":{"line":105,"column":4},"end":{"line":105,"column":58}}]},"13":{"loc":{"start":{"line":106,"column":4},"end":{"line":106,"column":60}},"type":"if","locations":[{"start":{"line":106,"column":4},"end":{"line":106,"column":60}}]},"14":{"loc":{"start":{"line":107,"column":4},"end":{"line":109,"column":5}},"type":"if","locations":[{"start":{"line":107,"column":4},"end":{"line":109,"column":5}}]},"15":{"loc":{"start":{"line":110,"column":4},"end":{"line":110,"column":62}},"type":"if","locations":[{"start":{"line":110,"column":4},"end":{"line":110,"column":62}}]},"16":{"loc":{"start":{"line":137,"column":4},"end":{"line":137,"column":37}},"type":"if","locations":[{"start":{"line":137,"column":4},"end":{"line":137,"column":37}}]},"17":{"loc":{"start":{"line":139,"column":19},"end":{"line":141,"column":47}},"type":"cond-expr","locations":[{"start":{"line":140,"column":8},"end":{"line":140,"column":65}},{"start":{"line":141,"column":8},"end":{"line":141,"column":47}}]},"18":{"loc":{"start":{"line":148,"column":8},"end":{"line":150,"column":9}},"type":"if","locations":[{"start":{"line":148,"column":8},"end":{"line":150,"column":9}}]},"19":{"loc":{"start":{"line":148,"column":12},"end":{"line":148,"column":73}},"type":"binary-expr","locations":[{"start":{"line":148,"column":12},"end":{"line":148,"column":30}},{"start":{"line":148,"column":34},"end":{"line":148,"column":73}}]}},"s":{"0":1,"1":1,"2":1,"3":1,"4":1,"5":1,"6":1,"7":15,"8":15,"9":15,"10":15,"11":15,"12":15,"13":0,"14":15,"15":15,"16":15,"17":15,"18":15,"19":15,"20":1,"21":1,"22":1,"23":15,"24":2,"25":2,"26":1,"27":1,"28":2,"29":3,"30":2,"31":1,"32":1,"33":1,"34":6,"35":6,"36":6,"37":6,"38":4,"39":13,"40":13,"41":13,"42":13,"43":13,"44":13,"45":13,"46":5,"47":8,"48":1,"49":13,"50":11,"51":13,"52":11,"53":13,"54":11,"55":13,"56":0,"57":13,"58":1,"59":13,"60":0,"61":13,"62":13,"63":1,"64":1,"65":1,"66":1,"67":1,"68":1,"69":0,"70":0,"71":0,"72":2,"73":0,"74":2,"75":2,"76":1,"77":1,"78":1,"79":1,"80":1,"81":1,"82":1,"83":1},"f":{"0":0,"1":15,"2":15,"3":2,"4":2,"5":3,"6":2,"7":1,"8":1,"9":6,"10":6,"11":13,"12":1,"13":1,"14":0,"15":0,"16":2,"17":1,"18":1,"19":1,"20":1},"b":{"0":[1],"1":[1,1],"2":[2,1],"3":[4],"4":[6,5],"5":[5,8],"6":[13,10,9],"7":[1],"8":[11],"9":[13,2,2],"10":[11],"11":[13,2,2],"12":[11],"13":[0],"14":[1],"15":[0],"16":[0],"17":[0,2],"18":[1],"19":[1,1]}}
,"C:\\Users\\Usuario\\Documents\\workspace\\Ejercicio Técnico Frontend - Angular 2024\\repo-interview-web\\src\\app\\features\\products\\components\\product-list\\product-list.component.html": {"path":"C:\\Users\\Usuario\\Documents\\workspace\\Ejercicio Técnico Frontend - Angular 2024\\repo-interview-web\\src\\app\\features\\products\\components\\product-list\\product-list.component.html","statementMap":{"0":{"start":{"line":1,"column":0},"end":{"line":1,"column":5166}}},"fnMap":{},"branchMap":{},"s":{"0":1},"f":{},"b":{},"_coverageSchema":"1a1c01bbd47fc00a2c39e90264f33305004495a9","hash":"62fe65efc17e5af930d420928ad5f1830c9279fc"}
,"C:\\Users\\Usuario\\Documents\\workspace\\Ejercicio Técnico Frontend - Angular 2024\\repo-interview-web\\src\\app\\features\\products\\components\\product-list\\product-list.component.ts": {"path":"C:\\Users\\Usuario\\Documents\\workspace\\Ejercicio Técnico Frontend - Angular 2024\\repo-interview-web\\src\\app\\features\\products\\components\\product-list\\product-list.component.ts","statementMap":{"0":{"start":{"line":1,"column":0},"end":{"line":1,"column":90}},"1":{"start":{"line":2,"column":0},"end":{"line":2,"column":75}},"2":{"start":{"line":4,"column":0},"end":{"line":4,"column":45}},"3":{"start":{"line":5,"column":0},"end":{"line":5,"column":57}},"4":{"start":{"line":6,"column":0},"end":{"line":6,"column":41}},"5":{"start":{"line":7,"column":0},"end":{"line":7,"column":67}},"6":{"start":{"line":20,"column":27},"end":{"line":20,"column":49}},"7":{"start":{"line":21,"column":19},"end":{"line":21,"column":33}},"8":{"start":{"line":23,"column":13},"end":{"line":23,"column":34}},"9":{"start":{"line":24,"column":12},"end":{"line":24,"column":24}},"10":{"start":{"line":25,"column":10},"end":{"line":25,"column":23}},"11":{"start":{"line":26,"column":15},"end":{"line":26,"column":25}},"12":{"start":{"line":27,"column":13},"end":{"line":27,"column":23}},"13":{"start":{"line":28,"column":16},"end":{"line":28,"column":25}},"14":{"start":{"line":29,"column":15},"end":{"line":29,"column":42}},"15":{"start":{"line":30,"column":20},"end":{"line":30,"column":47}},"16":{"start":{"line":32,"column":22},"end":{"line":36,"column":4}},"17":{"start":{"line":33,"column":15},"end":{"line":33,"column":37}},"18":{"start":{"line":34,"column":4},"end":{"line":34,"column":23}},"19":{"start":{"line":34,"column":13},"end":{"line":34,"column":23}},"20":{"start":{"line":35,"column":4},"end":{"line":35,"column":75}},"21":{"start":{"line":35,"column":37},"end":{"line":35,"column":48}},"22":{"start":{"line":38,"column":26},"end":{"line":38,"column":47}},"23":{"start":{"line":40,"column":21},"end":{"line":48,"column":4}},"24":{"start":{"line":41,"column":17},"end":{"line":41,"column":55}},"25":{"start":{"line":42,"column":4},"end":{"line":42,"column":38}},"26":{"start":{"line":42,"column":15},"end":{"line":42,"column":38}},"27":{"start":{"line":43,"column":4},"end":{"line":47,"column":6}},"28":{"start":{"line":44,"column":6},"end":{"line":46,"column":48}},"29":{"start":{"line":50,"column":17},"end":{"line":50,"column":63}},"30":{"start":{"line":50,"column":32},"end":{"line":50,"column":62}},"31":{"start":{"line":51,"column":15},"end":{"line":51,"column":79}},"32":{"start":{"line":51,"column":30},"end":{"line":51,"column":78}},"33":{"start":{"line":53,"column":22},"end":{"line":57,"column":4}},"34":{"start":{"line":54,"column":18},"end":{"line":54,"column":60}},"35":{"start":{"line":55,"column":16},"end":{"line":55,"column":39}},"36":{"start":{"line":56,"column":4},"end":{"line":56,"column":53}},"37":{"start":{"line":59,"column":16},"end":{"line":61,"column":4}},"38":{"start":{"line":60,"column":4},"end":{"line":60,"column":70}},"39":{"start":{"line":60,"column":63},"end":{"line":60,"column":68}},"40":{"start":{"line":64,"column":4},"end":{"line":64,"column":24}},"41":{"start":{"line":66,"column":4},"end":{"line":72,"column":7}},"42":{"start":{"line":70,"column":6},"end":{"line":70,"column":32}},"43":{"start":{"line":71,"column":6},"end":{"line":71,"column":30}},"44":{"start":{"line":76,"column":4},"end":{"line":76,"column":27}},"45":{"start":{"line":77,"column":4},"end":{"line":86,"column":7}},"46":{"start":{"line":79,"column":8},"end":{"line":79,"column":32}},"47":{"start":{"line":80,"column":8},"end":{"line":80,"column":32}},"48":{"start":{"line":83,"column":8},"end":{"line":83,"column":29}},"49":{"start":{"line":84,"column":8},"end":{"line":84,"column":32}},"50":{"start":{"line":91,"column":4},"end":{"line":91,"column":30}},"51":{"start":{"line":95,"column":4},"end":{"line":95,"column":29}},"52":{"start":{"line":96,"column":4},"end":{"line":96,"column":62}},"53":{"start":{"line":100,"column":4},"end":{"line":100,"column":29}},"54":{"start":{"line":101,"column":4},"end":{"line":101,"column":30}},"55":{"start":{"line":102,"column":4},"end":{"line":102,"column":33}},"56":{"start":{"line":106,"column":4},"end":{"line":106,"column":35}},"57":{"start":{"line":110,"column":4},"end":{"line":110,"column":30}},"58":{"start":{"line":111,"column":4},"end":{"line":111,"column":40}},"59":{"start":{"line":115,"column":15},"end":{"line":115,"column":37}},"60":{"start":{"line":116,"column":4},"end":{"line":116,"column":20}},"61":{"start":{"line":116,"column":13},"end":{"line":116,"column":20}},"62":{"start":{"line":118,"column":4},"end":{"line":124,"column":7}},"63":{"start":{"line":120,"column":8},"end":{"line":120,"column":68}},"64":{"start":{"line":120,"column":54},"end":{"line":120,"column":65}},"65":{"start":{"line":121,"column":8},"end":{"line":121,"column":39}},"66":{"start":{"line":123,"column":19},"end":{"line":123,"column":57}},"67":{"start":{"line":128,"column":4},"end":{"line":128,"column":35}},"68":{"start":{"line":132,"column":4},"end":{"line":132,"column":35}},"69":{"start":{"line":136,"column":4},"end":{"line":136,"column":73}},"70":{"start":{"line":137,"column":4},"end":{"line":137,"column":28}},"71":{"start":{"line":141,"column":4},"end":{"line":143,"column":5}},"72":{"start":{"line":142,"column":6},"end":{"line":142,"column":33}},"73":{"start":{"line":19,"column":13},"end":{"line":19,"column":33}},"74":{"start":{"line":19,"column":13},"end":{"line":145,"column":null}}},"fnMap":{"0":{"name":"(anonymous_0)","decl":{"start":{"line":32,"column":31},"end":{"line":32,"column":34}},"loc":{"start":{"line":32,"column":36},"end":{"line":36,"column":3}}},"1":{"name":"(anonymous_1)","decl":{"start":{"line":35,"column":32},"end":{"line":35,"column":33}},"loc":{"start":{"line":35,"column":37},"end":{"line":35,"column":48}}},"2":{"name":"(anonymous_2)","decl":{"start":{"line":40,"column":30},"end":{"line":40,"column":33}},"loc":{"start":{"line":40,"column":35},"end":{"line":48,"column":3}}},"3":{"name":"(anonymous_3)","decl":{"start":{"line":43,"column":34},"end":{"line":43,"column":35}},"loc":{"start":{"line":44,"column":6},"end":{"line":46,"column":48}}},"4":{"name":"(anonymous_4)","decl":{"start":{"line":50,"column":26},"end":{"line":50,"column":29}},"loc":{"start":{"line":50,"column":32},"end":{"line":50,"column":62}}},"5":{"name":"(anonymous_5)","decl":{"start":{"line":51,"column":24},"end":{"line":51,"column":27}},"loc":{"start":{"line":51,"column":30},"end":{"line":51,"column":78}}},"6":{"name":"(anonymous_6)","decl":{"start":{"line":53,"column":31},"end":{"line":53,"column":34}},"loc":{"start":{"line":53,"column":36},"end":{"line":57,"column":3}}},"7":{"name":"(anonymous_7)","decl":{"start":{"line":59,"column":25},"end":{"line":59,"column":28}},"loc":{"start":{"line":59,"column":30},"end":{"line":61,"column":3}}},"8":{"name":"(anonymous_8)","decl":{"start":{"line":60,"column":53},"end":{"line":60,"column":54}},"loc":{"start":{"line":60,"column":63},"end":{"line":60,"column":68}}},"9":{"name":"(anonymous_9)","decl":{"start":{"line":63,"column":2},"end":{"line":63,"column":10}},"loc":{"start":{"line":63,"column":10},"end":{"line":73,"column":3}}},"10":{"name":"(anonymous_10)","decl":{"start":{"line":69,"column":16},"end":{"line":69,"column":20}},"loc":{"start":{"line":69,"column":23},"end":{"line":72,"column":5}}},"11":{"name":"(anonymous_11)","decl":{"start":{"line":75,"column":10},"end":{"line":75,"column":22}},"loc":{"start":{"line":75,"column":22},"end":{"line":87,"column":3}}},"12":{"name":"(anonymous_12)","decl":{"start":{"line":78,"column":12},"end":{"line":78,"column":13}},"loc":{"start":{"line":78,"column":21},"end":{"line":81,"column":7}}},"13":{"name":"(anonymous_13)","decl":{"start":{"line":82,"column":13},"end":{"line":82,"column":16}},"loc":{"start":{"line":82,"column":18},"end":{"line":85,"column":7}}},"14":{"name":"(anonymous_14)","decl":{"start":{"line":90,"column":2},"end":{"line":90,"column":17}},"loc":{"start":{"line":90,"column":17},"end":{"line":92,"column":3}}},"15":{"name":"(anonymous_15)","decl":{"start":{"line":94,"column":2},"end":{"line":94,"column":12}},"loc":{"start":{"line":94,"column":36},"end":{"line":97,"column":3}}},"16":{"name":"(anonymous_16)","decl":{"start":{"line":99,"column":2},"end":{"line":99,"column":17}},"loc":{"start":{"line":99,"column":41},"end":{"line":103,"column":3}}},"17":{"name":"(anonymous_17)","decl":{"start":{"line":105,"column":2},"end":{"line":105,"column":7}},"loc":{"start":{"line":105,"column":7},"end":{"line":107,"column":3}}},"18":{"name":"(anonymous_18)","decl":{"start":{"line":109,"column":2},"end":{"line":109,"column":8}},"loc":{"start":{"line":109,"column":19},"end":{"line":112,"column":3}}},"19":{"name":"(anonymous_19)","decl":{"start":{"line":114,"column":2},"end":{"line":114,"column":15}},"loc":{"start":{"line":114,"column":15},"end":{"line":125,"column":3}}},"20":{"name":"(anonymous_20)","decl":{"start":{"line":119,"column":12},"end":{"line":119,"column":15}},"loc":{"start":{"line":119,"column":17},"end":{"line":122,"column":7}}},"21":{"name":"(anonymous_21)","decl":{"start":{"line":120,"column":49},"end":{"line":120,"column":50}},"loc":{"start":{"line":120,"column":54},"end":{"line":120,"column":65}}},"22":{"name":"(anonymous_22)","decl":{"start":{"line":123,"column":13},"end":{"line":123,"column":16}},"loc":{"start":{"line":123,"column":19},"end":{"line":123,"column":57}}},"23":{"name":"(anonymous_23)","decl":{"start":{"line":127,"column":2},"end":{"line":127,"column":14}},"loc":{"start":{"line":127,"column":14},"end":{"line":129,"column":3}}},"24":{"name":"(anonymous_24)","decl":{"start":{"line":131,"column":2},"end":{"line":131,"column":16}},"loc":{"start":{"line":131,"column":30},"end":{"line":133,"column":3}}},"25":{"name":"(anonymous_25)","decl":{"start":{"line":135,"column":2},"end":{"line":135,"column":18}},"loc":{"start":{"line":135,"column":31},"end":{"line":138,"column":3}}},"26":{"name":"(anonymous_26)","decl":{"start":{"line":140,"column":2},"end":{"line":140,"column":10}},"loc":{"start":{"line":140,"column":23},"end":{"line":144,"column":3}}}},"branchMap":{"0":{"loc":{"start":{"line":34,"column":4},"end":{"line":34,"column":23}},"type":"if","locations":[{"start":{"line":34,"column":4},"end":{"line":34,"column":23}}]},"1":{"loc":{"start":{"line":35,"column":11},"end":{"line":35,"column":74}},"type":"binary-expr","locations":[{"start":{"line":35,"column":11},"end":{"line":35,"column":55}},{"start":{"line":35,"column":59},"end":{"line":35,"column":74}}]},"2":{"loc":{"start":{"line":42,"column":4},"end":{"line":42,"column":38}},"type":"if","locations":[{"start":{"line":42,"column":4},"end":{"line":42,"column":38}}]},"3":{"loc":{"start":{"line":44,"column":6},"end":{"line":46,"column":48}},"type":"binary-expr","locations":[{"start":{"line":44,"column":6},"end":{"line":44,"column":39}},{"start":{"line":45,"column":6},"end":{"line":45,"column":41}},{"start":{"line":46,"column":6},"end":{"line":46,"column":48}}]},"4":{"loc":{"start":{"line":96,"column":24},"end":{"line":96,"column":60}},"type":"cond-expr","locations":[{"start":{"line":96,"column":51},"end":{"line":96,"column":55}},{"start":{"line":96,"column":58},"end":{"line":96,"column":60}}]},"5":{"loc":{"start":{"line":116,"column":4},"end":{"line":116,"column":20}},"type":"if","locations":[{"start":{"line":116,"column":4},"end":{"line":116,"column":20}}]},"6":{"loc":{"start":{"line":141,"column":4},"end":{"line":143,"column":5}},"type":"if","locations":[{"start":{"line":141,"column":4},"end":{"line":143,"column":5}}]},"7":{"loc":{"start":{"line":141,"column":8},"end":{"line":141,"column":46}},"type":"binary-expr","locations":[{"start":{"line":141,"column":8},"end":{"line":141,"column":17}},{"start":{"line":141,"column":21},"end":{"line":141,"column":46}}]}},"s":{"0":1,"1":1,"2":1,"3":1,"4":1,"5":1,"6":16,"7":16,"8":16,"9":16,"10":16,"11":16,"12":16,"13":16,"14":16,"15":16,"16":16,"17":3,"18":3,"19":1,"20":2,"21":2,"22":16,"23":16,"24":18,"25":18,"26":16,"27":2,"28":2,"29":16,"30":16,"31":16,"32":16,"33":16,"34":16,"35":16,"36":16,"37":16,"38":16,"39":16,"40":16,"41":16,"42":2,"43":2,"44":17,"45":17,"46":16,"47":16,"48":1,"49":1,"50":1,"51":1,"52":1,"53":2,"54":2,"55":2,"56":1,"57":1,"58":1,"59":3,"60":3,"61":1,"62":2,"63":1,"64":1,"65":1,"66":1,"67":1,"68":2,"69":1,"70":1,"71":2,"72":0,"73":1,"74":1},"f":{"0":3,"1":2,"2":18,"3":2,"4":16,"5":16,"6":16,"7":16,"8":16,"9":16,"10":2,"11":17,"12":16,"13":1,"14":1,"15":1,"16":2,"17":1,"18":1,"19":3,"20":1,"21":1,"22":1,"23":1,"24":2,"25":1,"26":2},"b":{"0":[1],"1":[2,1],"2":[16],"3":[2,2,1],"4":[1,0],"5":[1],"6":[0],"7":[2,1]}}
,"C:\\Users\\Usuario\\Documents\\workspace\\Ejercicio Técnico Frontend - Angular 2024\\repo-interview-web\\src\\environments\\environment.ts": {"path":"C:\\Users\\Usuario\\Documents\\workspace\\Ejercicio Técnico Frontend - Angular 2024\\repo-interview-web\\src\\environments\\environment.ts","statementMap":{"0":{"start":{"line":1,"column":13},"end":{"line":4,"column":2}}},"fnMap":{},"branchMap":{},"s":{"0":2},"f":{},"b":{}}
}
