TN:
SF:src\app\app.html
FNF:0
FNH:0
DA:1,1
LF:1
LH:1
BRF:0
BRH:0
end_of_record
TN:
SF:src\app\app.ts
FNF:0
FNH:0
DA:1,1
DA:2,1
DA:10,1
DA:11,2
LF:4
LH:4
BRF:0
BRH:0
end_of_record
TN:
SF:src\app\core\services\product.service.ts
FN:12,(anonymous_0)
FN:14,(anonymous_1)
FN:15,(anonymous_2)
FN:19,(anonymous_3)
FN:23,(anonymous_4)
FN:27,(anonymous_5)
FN:31,(anonymous_6)
FN:35,(anonymous_7)
FNF:8
FNH:0
FNDA:0,(anonymous_0)
FNDA:0,(anonymous_1)
FNDA:0,(anonymous_2)
FNDA:0,(anonymous_3)
FNDA:0,(anonymous_4)
FNDA:0,(anonymous_5)
FNDA:0,(anonymous_6)
FNDA:0,(anonymous_7)
DA:1,2
DA:2,2
DA:4,2
DA:5,2
DA:8,2
DA:9,0
DA:10,0
DA:13,0
DA:14,0
DA:15,0
DA:20,0
DA:24,0
DA:28,0
DA:32,0
DA:36,0
LF:15
LH:5
BRF:0
BRH:0
end_of_record
TN:
SF:src\app\features\products\components\product-form\product-form.component.html
FNF:0
FNH:0
DA:1,1
LF:1
LH:1
BRF:0
BRH:0
end_of_record
TN:
SF:src\app\features\products\components\product-form\product-form.component.ts
FN:27,(anonymous_0)
FN:42,(anonymous_1)
FN:43,(anonymous_2)
FN:53,(anonymous_3)
FN:54,(anonymous_4)
FN:56,(anonymous_5)
FN:65,(anonymous_6)
FN:67,(anonymous_7)
FN:68,(anonymous_8)
FN:72,(anonymous_9)
FN:77,(anonymous_10)
FN:78,(anonymous_11)
FN:84,(anonymous_12)
FN:110,(anonymous_13)
FN:116,(anonymous_14)
FN:124,(anonymous_15)
FN:132,(anonymous_16)
FN:135,(anonymous_17)
FN:143,(anonymous_18)
FN:151,(anonymous_19)
FNF:20
FNH:11
FNDA:9,(anonymous_0)
FNDA:6,(anonymous_1)
FNDA:6,(anonymous_2)
FNDA:0,(anonymous_3)
FNDA:0,(anonymous_4)
FNDA:0,(anonymous_5)
FNDA:0,(anonymous_6)
FNDA:0,(anonymous_7)
FNDA:0,(anonymous_8)
FNDA:1,(anonymous_9)
FNDA:3,(anonymous_10)
FNDA:3,(anonymous_11)
FNDA:6,(anonymous_12)
FNDA:1,(anonymous_13)
FNDA:1,(anonymous_14)
FNDA:1,(anonymous_15)
FNDA:1,(anonymous_16)
FNDA:0,(anonymous_17)
FNDA:0,(anonymous_18)
FNDA:0,(anonymous_19)
DA:1,1
DA:2,1
DA:4,1
DA:5,1
DA:6,1
DA:7,1
DA:8,1
DA:20,1
DA:21,6
DA:22,6
DA:23,6
DA:25,6
DA:26,6
DA:27,9
DA:29,6
DA:38,6
DA:40,6
DA:43,6
DA:44,6
DA:45,0
DA:46,0
DA:47,0
DA:51,6
DA:53,0
DA:55,0
DA:56,0
DA:57,0
DA:58,0
DA:59,0
DA:60,0
DA:66,0
DA:67,0
DA:68,0
DA:73,1
DA:74,1
DA:78,3
DA:79,3
DA:80,2
DA:85,6
DA:86,6
DA:87,6
DA:88,6
DA:90,6
DA:91,4
DA:93,6
DA:94,5
DA:96,6
DA:97,5
DA:99,6
DA:100,6
DA:101,6
DA:102,1
DA:104,6
DA:106,6
DA:107,6
DA:111,1
DA:113,1
DA:114,1
DA:116,1
DA:125,1
DA:127,1
DA:131,1
DA:133,1
DA:136,0
DA:137,0
DA:144,0
DA:148,0
DA:152,0
LF:68
LH:50
BRDA:44,0,0,0
BRDA:55,1,0,0
BRDA:55,1,1,0
BRDA:55,2,0,0
BRDA:55,2,1,0
BRDA:57,3,0,0
BRDA:79,4,0,2
BRDA:79,5,0,3
BRDA:79,5,1,2
BRDA:90,6,0,4
BRDA:90,7,0,6
BRDA:90,7,1,4
BRDA:90,7,2,3
BRDA:93,8,0,5
BRDA:93,9,0,6
BRDA:93,9,1,1
BRDA:93,9,2,1
BRDA:96,10,0,5
BRDA:96,11,0,6
BRDA:96,11,1,1
BRDA:96,11,2,1
BRDA:99,12,0,5
BRDA:100,13,0,0
BRDA:101,14,0,1
BRDA:104,15,0,0
BRDA:125,16,0,0
BRDA:127,17,0,0
BRDA:127,17,1,1
BRDA:136,18,0,0
BRDA:136,19,0,0
BRDA:136,19,1,0
BRF:31
BRH:18
end_of_record
TN:
SF:src\app\features\products\components\product-list\product-list.component.html
FNF:0
FNH:0
DA:1,1
LF:1
LH:1
BRF:0
BRH:0
end_of_record
TN:
SF:src\app\features\products\components\product-list\product-list.component.ts
FN:32,(anonymous_0)
FN:35,(anonymous_1)
FN:40,(anonymous_2)
FN:43,(anonymous_3)
FN:50,(anonymous_4)
FN:51,(anonymous_5)
FN:53,(anonymous_6)
FN:59,(anonymous_7)
FN:60,(anonymous_8)
FN:63,(anonymous_9)
FN:69,(anonymous_10)
FN:75,(anonymous_11)
FN:78,(anonymous_12)
FN:82,(anonymous_13)
FN:90,(anonymous_14)
FN:94,(anonymous_15)
FN:99,(anonymous_16)
FN:105,(anonymous_17)
FN:109,(anonymous_18)
FN:114,(anonymous_19)
FN:119,(anonymous_20)
FN:120,(anonymous_21)
FN:123,(anonymous_22)
FN:127,(anonymous_23)
FN:131,(anonymous_24)
FN:135,(anonymous_25)
FN:140,(anonymous_26)
FNF:27
FNH:20
FNDA:0,(anonymous_0)
FNDA:0,(anonymous_1)
FNDA:9,(anonymous_2)
FNDA:2,(anonymous_3)
FNDA:7,(anonymous_4)
FNDA:7,(anonymous_5)
FNDA:7,(anonymous_6)
FNDA:7,(anonymous_7)
FNDA:7,(anonymous_8)
FNDA:7,(anonymous_9)
FNDA:2,(anonymous_10)
FNDA:7,(anonymous_11)
FNDA:7,(anonymous_12)
FNDA:0,(anonymous_13)
FNDA:0,(anonymous_14)
FNDA:0,(anonymous_15)
FNDA:2,(anonymous_16)
FNDA:1,(anonymous_17)
FNDA:1,(anonymous_18)
FNDA:1,(anonymous_19)
FNDA:1,(anonymous_20)
FNDA:1,(anonymous_21)
FNDA:0,(anonymous_22)
FNDA:1,(anonymous_23)
FNDA:2,(anonymous_24)
FNDA:1,(anonymous_25)
FNDA:0,(anonymous_26)
DA:1,1
DA:2,1
DA:4,1
DA:5,1
DA:6,1
DA:7,1
DA:19,1
DA:20,7
DA:21,7
DA:23,7
DA:24,7
DA:25,7
DA:26,7
DA:27,7
DA:28,7
DA:29,7
DA:30,7
DA:32,7
DA:33,0
DA:34,0
DA:35,0
DA:38,7
DA:40,7
DA:41,9
DA:42,9
DA:43,2
DA:44,2
DA:50,7
DA:51,7
DA:53,7
DA:54,7
DA:55,7
DA:56,7
DA:59,7
DA:60,7
DA:64,7
DA:66,7
DA:70,2
DA:71,2
DA:76,7
DA:77,7
DA:79,7
DA:80,7
DA:83,0
DA:84,0
DA:91,0
DA:95,0
DA:96,0
DA:100,2
DA:101,2
DA:102,2
DA:106,1
DA:110,1
DA:111,1
DA:115,1
DA:116,1
DA:118,1
DA:120,1
DA:121,1
DA:123,0
DA:128,1
DA:132,2
DA:136,1
DA:137,1
DA:141,0
DA:142,0
LF:66
LH:55
BRDA:34,0,0,0
BRDA:35,1,0,0
BRDA:35,1,1,0
BRDA:42,2,0,7
BRDA:44,3,0,2
BRDA:44,3,1,2
BRDA:44,3,2,1
BRDA:96,4,0,0
BRDA:96,4,1,0
BRDA:116,5,0,0
BRDA:141,6,0,0
BRDA:141,7,0,0
BRDA:141,7,1,0
BRF:13
BRH:4
end_of_record
