TN:
SF:src\app\app.html
FNF:0
FNH:0
DA:1,1
LF:1
LH:1
BRF:0
BRH:0
end_of_record
TN:
SF:src\app\app.ts
FNF:0
FNH:0
DA:1,1
DA:2,1
DA:10,1
DA:11,2
LF:4
LH:4
BRF:0
BRH:0
end_of_record
TN:
SF:src\app\core\services\product.service.ts
FN:13,(anonymous_0)
FN:15,(anonymous_1)
FN:16,(anonymous_2)
FN:20,(anonymous_3)
FN:24,(anonymous_4)
FN:28,(anonymous_5)
FN:32,(anonymous_6)
FN:36,(anonymous_7)
FNF:8
FNH:0
FNDA:0,(anonymous_0)
FNDA:0,(anonymous_1)
FNDA:0,(anonymous_2)
FNDA:0,(anonymous_3)
FNDA:0,(anonymous_4)
FNDA:0,(anonymous_5)
FNDA:0,(anonymous_6)
FNDA:0,(anonymous_7)
DA:1,2
DA:2,2
DA:4,2
DA:5,2
DA:6,2
DA:9,2
DA:10,0
DA:11,0
DA:14,0
DA:15,0
DA:16,0
DA:21,0
DA:25,0
DA:29,0
DA:33,0
DA:37,0
LF:16
LH:6
BRF:0
BRH:0
end_of_record
TN:
SF:src\app\features\products\components\product-form\product-form.component.html
FNF:0
FNH:0
DA:1,1
LF:1
LH:1
BRF:0
BRH:0
end_of_record
TN:
SF:src\app\features\products\components\product-form\product-form.component.ts
FN:27,(anonymous_0)
FN:43,(anonymous_1)
FN:44,(anonymous_2)
FN:54,(anonymous_3)
FN:55,(anonymous_4)
FN:65,(anonymous_5)
FN:67,(anonymous_6)
FN:68,(anonymous_7)
FN:72,(anonymous_8)
FN:77,(anonymous_9)
FN:78,(anonymous_10)
FN:86,(anonymous_11)
FN:116,(anonymous_12)
FN:121,(anonymous_13)
FN:130,(anonymous_14)
FN:131,(anonymous_15)
FN:136,(anonymous_16)
FN:144,(anonymous_17)
FN:147,(anonymous_18)
FN:155,(anonymous_19)
FN:163,(anonymous_20)
FNF:21
FNH:18
FNDA:0,(anonymous_0)
FNDA:15,(anonymous_1)
FNDA:15,(anonymous_2)
FNDA:2,(anonymous_3)
FNDA:2,(anonymous_4)
FNDA:3,(anonymous_5)
FNDA:2,(anonymous_6)
FNDA:1,(anonymous_7)
FNDA:1,(anonymous_8)
FNDA:6,(anonymous_9)
FNDA:6,(anonymous_10)
FNDA:13,(anonymous_11)
FNDA:1,(anonymous_12)
FNDA:1,(anonymous_13)
FNDA:0,(anonymous_14)
FNDA:0,(anonymous_15)
FNDA:2,(anonymous_16)
FNDA:1,(anonymous_17)
FNDA:1,(anonymous_18)
FNDA:1,(anonymous_19)
FNDA:1,(anonymous_20)
DA:1,1
DA:2,1
DA:4,1
DA:5,1
DA:6,1
DA:7,1
DA:8,1
DA:20,1
DA:21,15
DA:22,15
DA:23,15
DA:25,15
DA:26,15
DA:27,15
DA:29,15
DA:38,15
DA:39,15
DA:41,15
DA:44,15
DA:45,15
DA:46,1
DA:47,1
DA:48,1
DA:52,15
DA:54,2
DA:56,2
DA:57,1
DA:59,1
DA:61,2
DA:66,3
DA:67,2
DA:68,1
DA:73,1
DA:74,1
DA:78,6
DA:79,6
DA:81,6
DA:82,4
DA:87,13
DA:88,13
DA:89,13
DA:90,13
DA:91,13
DA:92,13
DA:94,13
DA:95,5
DA:96,8
DA:97,1
DA:99,13
DA:100,11
DA:102,13
DA:103,11
DA:105,13
DA:106,13
DA:107,13
DA:108,1
DA:110,13
DA:112,13
DA:113,13
DA:117,1
DA:118,1
DA:119,1
DA:121,1
DA:127,1
DA:131,0
DA:133,0
DA:137,2
DA:139,2
DA:143,2
DA:145,1
DA:148,1
DA:149,1
DA:156,1
DA:160,1
DA:164,1
LF:75
LH:73
BRDA:45,0,0,1
BRDA:56,1,0,1
BRDA:56,1,1,1
BRDA:56,2,0,2
BRDA:56,2,1,1
BRDA:81,3,0,4
BRDA:81,4,0,6
BRDA:81,4,1,5
BRDA:94,5,0,5
BRDA:94,5,1,8
BRDA:94,6,0,13
BRDA:94,6,1,10
BRDA:94,6,2,9
BRDA:96,7,0,1
BRDA:99,8,0,11
BRDA:99,9,0,13
BRDA:99,9,1,2
BRDA:99,9,2,2
BRDA:102,10,0,11
BRDA:102,11,0,13
BRDA:102,11,1,2
BRDA:102,11,2,2
BRDA:105,12,0,11
BRDA:106,13,0,0
BRDA:107,14,0,1
BRDA:110,15,0,0
BRDA:137,16,0,0
BRDA:139,17,0,0
BRDA:139,17,1,2
BRDA:148,18,0,1
BRDA:148,19,0,1
BRDA:148,19,1,1
BRF:32
BRH:28
end_of_record
TN:
SF:src\app\features\products\components\product-list\product-list.component.html
FNF:0
FNH:0
DA:1,1
LF:1
LH:1
BRF:0
BRH:0
end_of_record
TN:
SF:src\app\features\products\components\product-list\product-list.component.ts
FN:32,(anonymous_0)
FN:35,(anonymous_1)
FN:40,(anonymous_2)
FN:43,(anonymous_3)
FN:50,(anonymous_4)
FN:51,(anonymous_5)
FN:53,(anonymous_6)
FN:59,(anonymous_7)
FN:60,(anonymous_8)
FN:63,(anonymous_9)
FN:69,(anonymous_10)
FN:75,(anonymous_11)
FN:78,(anonymous_12)
FN:82,(anonymous_13)
FN:90,(anonymous_14)
FN:94,(anonymous_15)
FN:99,(anonymous_16)
FN:105,(anonymous_17)
FN:109,(anonymous_18)
FN:114,(anonymous_19)
FN:119,(anonymous_20)
FN:120,(anonymous_21)
FN:123,(anonymous_22)
FN:127,(anonymous_23)
FN:131,(anonymous_24)
FN:135,(anonymous_25)
FN:140,(anonymous_26)
FNF:27
FNH:27
FNDA:3,(anonymous_0)
FNDA:2,(anonymous_1)
FNDA:18,(anonymous_2)
FNDA:2,(anonymous_3)
FNDA:16,(anonymous_4)
FNDA:16,(anonymous_5)
FNDA:16,(anonymous_6)
FNDA:16,(anonymous_7)
FNDA:16,(anonymous_8)
FNDA:16,(anonymous_9)
FNDA:2,(anonymous_10)
FNDA:17,(anonymous_11)
FNDA:16,(anonymous_12)
FNDA:1,(anonymous_13)
FNDA:1,(anonymous_14)
FNDA:1,(anonymous_15)
FNDA:2,(anonymous_16)
FNDA:1,(anonymous_17)
FNDA:1,(anonymous_18)
FNDA:3,(anonymous_19)
FNDA:1,(anonymous_20)
FNDA:1,(anonymous_21)
FNDA:1,(anonymous_22)
FNDA:1,(anonymous_23)
FNDA:2,(anonymous_24)
FNDA:1,(anonymous_25)
FNDA:2,(anonymous_26)
DA:1,1
DA:2,1
DA:4,1
DA:5,1
DA:6,1
DA:7,1
DA:19,1
DA:20,16
DA:21,16
DA:23,16
DA:24,16
DA:25,16
DA:26,16
DA:27,16
DA:28,16
DA:29,16
DA:30,16
DA:32,16
DA:33,3
DA:34,3
DA:35,2
DA:38,16
DA:40,16
DA:41,18
DA:42,18
DA:43,2
DA:44,2
DA:50,16
DA:51,16
DA:53,16
DA:54,16
DA:55,16
DA:56,16
DA:59,16
DA:60,16
DA:64,16
DA:66,16
DA:70,2
DA:71,2
DA:76,17
DA:77,17
DA:79,16
DA:80,16
DA:83,1
DA:84,1
DA:91,1
DA:95,1
DA:96,1
DA:100,2
DA:101,2
DA:102,2
DA:106,1
DA:110,1
DA:111,1
DA:115,3
DA:116,3
DA:118,2
DA:120,1
DA:121,1
DA:123,1
DA:128,1
DA:132,2
DA:136,1
DA:137,1
DA:141,2
DA:142,0
LF:66
LH:65
BRDA:34,0,0,1
BRDA:35,1,0,2
BRDA:35,1,1,1
BRDA:42,2,0,16
BRDA:44,3,0,2
BRDA:44,3,1,2
BRDA:44,3,2,1
BRDA:96,4,0,1
BRDA:96,4,1,0
BRDA:116,5,0,1
BRDA:141,6,0,0
BRDA:141,7,0,2
BRDA:141,7,1,1
BRF:13
BRH:11
end_of_record
TN:
SF:src\environments\environment.ts
FNF:0
FNH:0
DA:1,2
LF:1
LH:1
BRF:0
BRH:0
end_of_record
